<?xml version="1.0" encoding="UTF-8"?>
<testsuite name="com.ratcoding.transfer.commission.TransactionFacadeTest" tests="1" skipped="0" failures="0" errors="0" timestamp="2021-05-01T10:26:00" hostname="FP-LSC0135L" time="0.037">
  <properties/>
  <testcase name="shouldGetTimeOfLstTransactionForUser()" classname="com.ratcoding.transfer.commission.TransactionFacadeTest" time="0.037"/>
  <system-out><![CDATA[]]></system-out>
  <system-err><![CDATA[]]></system-err>
</testsuite>
